[debug] [2024-04-17T02:25:35.525Z] ----------------------------------------------------------------------
[debug] [2024-04-17T02:25:35.528Z] Command:       C:\Program Files\nodejs\node.exe C:\Users\Stephen\AppData\Roaming\npm\node_modules\firebase-tools\lib\bin\firebase.js init
[debug] [2024-04-17T02:25:35.528Z] CLI Version:   13.7.2
[debug] [2024-04-17T02:25:35.529Z] Platform:      win32
[debug] [2024-04-17T02:25:35.529Z] Node Version:  v20.12.0
[debug] [2024-04-17T02:25:35.529Z] Time:          Tue Apr 16 2024 21:25:35 GMT-0500 (Central Daylight Time)
[debug] [2024-04-17T02:25:35.529Z] ----------------------------------------------------------------------
[debug] 
[debug] [2024-04-17T02:25:35.621Z] > command requires scopes: ["email","openid","https://www.googleapis.com/auth/cloudplatformprojects.readonly","https://www.googleapis.com/auth/firebase","https://www.googleapis.com/auth/cloud-platform"]
[debug] [2024-04-17T02:25:35.622Z] > authorizing via signed-in user (steveande786@gmail.com)
[info] 
     ######## #### ########  ######## ########     ###     ######  ########
     ##        ##  ##     ## ##       ##     ##  ##   ##  ##       ##
     ######    ##  ########  ######   ########  #########  ######  ######
     ##        ##  ##    ##  ##       ##     ## ##     ##       ## ##
     ##       #### ##     ## ######## ########  ##     ##  ######  ########

You're about to initialize a Firebase project in this directory:

  C:\Users\Stephen\OneDrive - College of the Ozarks\Senior Capstone Project\Van Gogh Volunteer\vangoghvolunteer

Before we get started, keep in mind:

  * You are initializing within an existing Firebase project directory

[info] 
=== Project Setup
[info] 
[info] First, let's associate this project directory with a Firebase project.
[info] You can create multiple project aliases by running firebase use --add, 
[info] but for now we'll just set up a default project.
[info] 
[debug] [2024-04-17T02:25:39.880Z] Using project from CLI flag: van-gogh-volunteer
[debug] [2024-04-17T02:25:39.882Z] >>> [apiv2][query] GET https://firebase.googleapis.com/v1beta1/projects/van-gogh-volunteer [none]
[debug] [2024-04-17T02:25:40.171Z] <<< [apiv2][status] GET https://firebase.googleapis.com/v1beta1/projects/van-gogh-volunteer 200
[debug] [2024-04-17T02:25:40.171Z] <<< [apiv2][body] GET https://firebase.googleapis.com/v1beta1/projects/van-gogh-volunteer {"projectId":"van-gogh-volunteer","projectNumber":"195207518831","displayName":"Van Gogh Volunteer","name":"projects/van-gogh-volunteer","resources":{"hostingSite":"van-gogh-volunteer","realtimeDatabaseInstance":"van-gogh-volunteer-default-rtdb"},"state":"ACTIVE","etag":"1_742aa48d-ddcf-49d3-ade6-a98f2290e935"}
[info] i  Using project van-gogh-volunteer (Van Gogh Volunteer) 
[info] 
=== Hosting Setup
[debug] [2024-04-17T02:25:40.182Z] >>> [apiv2][query] GET https://firebase.googleapis.com/v1beta1/projects/van-gogh-volunteer [none]
[debug] [2024-04-17T02:25:40.338Z] <<< [apiv2][status] GET https://firebase.googleapis.com/v1beta1/projects/van-gogh-volunteer 200
[debug] [2024-04-17T02:25:40.339Z] <<< [apiv2][body] GET https://firebase.googleapis.com/v1beta1/projects/van-gogh-volunteer {"projectId":"van-gogh-volunteer","projectNumber":"195207518831","displayName":"Van Gogh Volunteer","name":"projects/van-gogh-volunteer","resources":{"hostingSite":"van-gogh-volunteer","realtimeDatabaseInstance":"van-gogh-volunteer-default-rtdb"},"state":"ACTIVE","etag":"1_742aa48d-ddcf-49d3-ade6-a98f2290e935"}
[info] 
[info] Your public directory is the folder (relative to your project directory) that
[info] will contain Hosting assets to be uploaded with firebase deploy. If you
[info] have a build process for your assets, use your build's output directory.
[info] 
[info] i  Skipping write of public/404.html 
[debug] [2024-04-17T02:26:47.426Z] >>> [apiv2][query] GET https://www.gstatic.com/firebasejs/releases.json [none]
[debug] [2024-04-17T02:26:47.575Z] <<< [apiv2][status] GET https://www.gstatic.com/firebasejs/releases.json 200
[debug] [2024-04-17T02:26:47.575Z] <<< [apiv2][body] GET https://www.gstatic.com/firebasejs/releases.json {"current":{"version":"10.11.0","browserURL":"https://www.gstatic.com/firebasejs/10.11.0/firebase.js","packageURL":"https://www.gstatic.com/firebasejs/10.11.0/firebase.tgz"},"live":{"version":"10.11","browserURL":"https://www.gstatic.com/firebasejs/live/10.11/firebase.js","packageURL":"https://www.gstatic.com/firebasejs/live/10.11/firebase.tgz"},"components":{"analytics":"https://www.gstatic.com/firebasejs/10.11.0/firebase-analytics.js","app":"https://www.gstatic.com/firebasejs/10.11.0/firebase-app.js","app-check":"https://www.gstatic.com/firebasejs/10.11.0/firebase-app-check.js","auth":"https://www.gstatic.com/firebasejs/10.11.0/firebase-auth.js","auth/cordova":"https://www.gstatic.com/firebasejs/10.11.0/firebase-auth/cordova.js","auth/web-extension":"https://www.gstatic.com/firebasejs/10.11.0/firebase-auth/web-extension.js","functions":"https://www.gstatic.com/firebasejs/10.11.0/firebase-functions.js","firestore":"https://www.gstatic.com/firebasejs/10.11.0/firebase-firestore.js","firestore/lite":"https://www.gstatic.com/firebasejs/10.11.0/firebase-firestore/lite.js","installations":"https://www.gstatic.com/firebasejs/10.11.0/firebase-installations.js","storage":"https://www.gstatic.com/firebasejs/10.11.0/firebase-storage.js","performance":"https://www.gstatic.com/firebasejs/10.11.0/firebase-performance.js","remote-config":"https://www.gstatic.com/firebasejs/10.11.0/firebase-remote-config.js","messaging":"https://www.gstatic.com/firebasejs/10.11.0/firebase-messaging.js","messaging/sw":"https://www.gstatic.com/firebasejs/10.11.0/firebase-messaging/sw.js","database":"https://www.gstatic.com/firebasejs/10.11.0/firebase-database.js","firestore.memory":"https://www.gstatic.com/firebasejs/10.11.0/firebase-firestore.memory.js"}}
[info] i  Skipping write of public/index.html 
[info] 
[info] i  Didn't detect a .git folder. Assuming C:\Users\Stephen\OneDrive - College of the Ozarks\Senior Capstone Project\Van Gogh Volunteer\vangoghvolunteer is the project root. 
[info] i  Authorizing with GitHub to upload your service account to a GitHub repository's secrets store. 
[info] 
[info] Visit this URL on this device to log in:
[info] https://github.com/login/oauth/authorize?client_id=89cf50f02ac6aaed3484&state=17747585&redirect_uri=http%3A%2F%2Flocalhost%3A9005&scope=read%3Auser%20repo%20public_repo
[info] 
[info] Waiting for authentication...
[debug] [2024-04-17T02:26:58.893Z] >>> [apiv2][query] POST https://github.com/login/oauth/access_token [none]
[debug] [2024-04-17T02:26:58.893Z] >>> [apiv2][body] POST https://github.com/login/oauth/access_token [stream]
[debug] [2024-04-17T02:26:59.164Z] <<< [apiv2][status] POST https://github.com/login/oauth/access_token 200
[debug] [2024-04-17T02:26:59.165Z] <<< [apiv2][body] POST https://github.com/login/oauth/access_token {"access_token":"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","token_type":"bearer","scope":"read:user,repo"}
[debug] [2024-04-17T02:26:59.186Z] >>> [apiv2][query] GET https://api.github.com/user [none]
[debug] [2024-04-17T02:26:59.471Z] <<< [apiv2][status] GET https://api.github.com/user 200
[debug] [2024-04-17T02:26:59.471Z] <<< [apiv2][body] GET https://api.github.com/user {"login":"stephenanderson8","id":77741387,"node_id":"MDQ6VXNlcjc3NzQxMzg3","avatar_url":"https://avatars.githubusercontent.com/u/77741387?v=4","gravatar_id":"","url":"https://api.github.com/users/stephenanderson8","html_url":"https://github.com/stephenanderson8","followers_url":"https://api.github.com/users/stephenanderson8/followers","following_url":"https://api.github.com/users/stephenanderson8/following{/other_user}","gists_url":"https://api.github.com/users/stephenanderson8/gists{/gist_id}","starred_url":"https://api.github.com/users/stephenanderson8/starred{/owner}{/repo}","subscriptions_url":"https://api.github.com/users/stephenanderson8/subscriptions","organizations_url":"https://api.github.com/users/stephenanderson8/orgs","repos_url":"https://api.github.com/users/stephenanderson8/repos","events_url":"https://api.github.com/users/stephenanderson8/events{/privacy}","received_events_url":"https://api.github.com/users/stephenanderson8/received_events","type":"User","site_admin":false,"name":"Stephen","company":"@GitHub","blog":"","location":null,"email":null,"hireable":null,"bio":null,"twitter_username":null,"public_repos":0,"public_gists":0,"followers":0,"following":0,"created_at":"2021-01-20T15:46:15Z","updated_at":"2024-04-17T01:47:05Z","private_gists":0,"total_private_repos":1,"owned_private_repos":1,"disk_usage":3,"collaborators":0,"two_factor_authentication":false,"plan":{"name":"free","space":976562499,"collaborators":0,"private_repos":10000}}
[info] 
[info] +  Success! Logged into GitHub as stephenanderson8 
[info] 
